21826
https://t.me/s/PrivateVPNs?before=21826
113808
https://t.me/s/FreeV2rays?before=113808
1
https://t.me/s/DigiV2ray?before=1
995
https://t.me/s/v2rayNG_VPN?before=995
709
https://t.me/s/iranvpnet?before=709
4349
https://t.me/s/vpn_proxy_custom?before=4349
6947
https://t.me/s/vip_vpn_2022?before=6947
2443
https://t.me/s/FOX_VPN66?before=2443
4
https://t.me/s/VorTexIRN?before=4
15648
https://t.me/s/Network_442?before=15648
27953
https://t.me/s/ultrasurf_12?before=27953
149
https://t.me/s/God_CONFIG?before=149
https://t.me/s/God_CONFIG?before=128
https://t.me/s/God_CONFIG?before=107
https://t.me/s/God_CONFIG?before=86
https://t.me/s/God_CONFIG?before=65
https://t.me/s/God_CONFIG?before=44
https://t.me/s/God_CONFIG?before=23
https://t.me/s/God_CONFIG?before=2
1983
https://t.me/s/fnet00?before=1983
3049
https://t.me/s/therealaleph?before=3049
852
https://t.me/s/AM_TEAMMM?before=852
2335
https://t.me/s/Lockey_vpn?before=2335
70
https://t.me/s/XsV2ray?before=70
9522
https://t.me/s/shh_proxy?before=9522
1145
https://t.me/s/iTV2RAY?before=1145
70
https://t.me/s/V2rayNGmat?before=70
https://t.me/s/V2rayNGmat?before=49
https://t.me/s/V2rayNGmat?before=28
https://t.me/s/V2rayNGmat?before=7
6847
https://t.me/s/ARv2ray?before=6847
6419
https://t.me/s/custom_14?before=6419
3983
https://t.me/s/FreeVlessVpn?before=3983
19377
https://t.me/s/freeland8?before=19377
1959
https://t.me/s/v2rayan?before=1959
1226
https://t.me/s/Easy_Free_VPN?before=1226
5278
https://t.me/s/vpn_ocean?before=5278
6937
https://t.me/s/configV2rayForFree?before=6937
113808
https://t.me/s/FreeV2rays?before=113808
1983
https://t.me/s/fnet00?before=1983
2840
https://t.me/s/V2pedia?before=2840
8042
https://t.me/s/melov2ray?before=8042
4204
https://t.me/s/polproxy?before=4204
20330
https://t.me/s/Outlinev2rayNG?before=20330
9830
https://t.me/s/iP_CF?before=9830
7226
https://t.me/s/VPNCUSTOMIZE?before=7226
1795
https://t.me/s/Royalping_ir?before=1795
3508
https://t.me/s/rxv2ray?before=3508
6
https://t.me/s/VpnFreeSec?before=6
8291
https://t.me/s/lightning6?before=8291
675
https://t.me/s/WebShecan?before=675
149
https://t.me/s/God_CONFIG?before=149
https://t.me/s/God_CONFIG?before=128
https://t.me/s/God_CONFIG?before=107
https://t.me/s/God_CONFIG?before=86
https://t.me/s/God_CONFIG?before=65
https://t.me/s/God_CONFIG?before=44
https://t.me/s/God_CONFIG?before=23
https://t.me/s/God_CONFIG?before=2
3134
https://t.me/s/Awlix_ir?before=3134
3
https://t.me/s/frev2ray?before=3
2
https://t.me/s/BestV2rang?before=2
291
https://t.me/s/TPvpn_Official?before=291
434
https://t.me/s/proxyymeliii?before=434
2810
https://t.me/s/MsV2ray?before=2810
16776
https://t.me/s/v2ray1_ng?before=16776
84
https://t.me/s/vless_vmess?before=84
4
https://t.me/s/MTConfig?before=4
1811
https://t.me/s/vmess_vless_v2rayng?before=1811
26
https://t.me/s/Cov2ray?before=26
https://t.me/s/Cov2ray?before=5
24
https://t.me/s/V2RayTz?before=24
4204
https://t.me/s/VmessProtocol?before=4204
17654
https://t.me/s/MehradLearn?before=17654
8559
https://t.me/s/SafeNet_Server?before=8559
3698
https://t.me/s/ovpn2?before=3698
5479
https://t.me/s/lrnbymaa?before=5479
6547
https://t.me/s/vpn_tehran?before=6547
5871
https://t.me/s/v2ray_vpn_ir?before=5871
3731
https://t.me/s/v2_team?before=3731
1371631
https://t.me/s/ConfigsHUB?before=1371631
770
https://t.me/s/V2rayngninja?before=770
9371
https://t.me/s/proxystore11?before=9371
2699
https://t.me/s/yaney_01?before=2699
850
https://t.me/s/rayvps?before=850
16188
https://t.me/s/free1_vpn?before=16188
13785
https://t.me/s/Parsashonam?before=13785
81589
https://t.me/s/Hope_Net?before=81589
13
https://t.me/s/VPNCLOP?before=13
17900
https://t.me/s/VlessConfig?before=17900
6398
https://t.me/s/NIM_VPN_ir?before=6398
1
https://t.me/s/hashmakvpn?before=1
527
https://t.me/s/iran_ray?before=527
14333
https://t.me/s/ServerNett?before=14333
524
https://t.me/s/CloudCityy?before=524
1123
https://t.me/s/shopingv2ray?before=1123
3
https://t.me/s/Proxy_PJ?before=3
20906
https://t.me/s/V2rayng_Fast?before=20906
96
https://t.me/s/v2ray_swhil?before=96
59
https://t.me/s/V2rayNGn?before=59
21826
https://t.me/s/PrivateVPNs?before=21826
18786
https://t.me/s/DirectVPN?before=18786
8711
https://t.me/s/NetAccount?before=8711
5278
https://t.me/s/vpn_xw?before=5278
34797
https://t.me/s/prrofile_purple?before=34797
14802
https://t.me/s/ShadowSocks_s?before=14802
5700
https://t.me/s/azadi_az_inja_migzare?before=5700
18317
https://t.me/s/customv2ray?before=18317
File written successfully
File written successfully
File written successfully
File written successfully
File written successfully
File written successfully
File written successfully
File written successfully
File written successfully
